<?xml version="1.0" encoding="UTF-8"?>
<!-- Generated by org.testng.reporters.JUnitReportReporter -->
<testsuite hostname="LAPTOP-JL8A5HS2" failures="0" tests="1" name="testNG.TC002" time="0.007" errors="0" timestamp="15 Dec 2022 08:52:35 GMT">
  <testcase classname="testNG.TC002" name="Addemp" time="0.007"/>
</testsuite> <!-- testNG.TC002 -->
