<?xml version="1.0" encoding="UTF-8"?>
<!-- Generated by org.testng.reporters.JUnitReportReporter -->
<testsuite hostname="LAPTOP-JL8A5HS2" failures="0" tests="4" name="testNG.TC00_TestNg" time="0.016" errors="0" timestamp="16 Dec 2022 06:26:38 GMT">
  <testcase classname="testNG.TC00_TestNg" name="delemp" time="0.001"/>
  <testcase classname="testNG.TC00_TestNg" name="logout" time="0.002"/>
  <testcase classname="testNG.TC00_TestNg" name="login" time="0.001"/>
  <testcase classname="testNG.TC00_TestNg" name="addemp" time="0.012"/>
</testsuite> <!-- testNG.TC00_TestNg -->
