<?xml version="1.0" encoding="UTF-8"?>
<!-- Generated by org.testng.reporters.JUnitReportReporter -->
<testsuite hostname="LAPTOP-JL8A5HS2" failures="0" tests="2" name="testNG.TC004" time="0.013" errors="0" timestamp="15 Dec 2022 09:14:37 GMT">
  <testcase classname="testNG.TC004" name="add_emp" time="0.012"/>
  <testcase classname="testNG.TC004" name="del_emp" time="0.001"/>
</testsuite> <!-- testNG.TC004 -->
