<?xml version="1.0" encoding="UTF-8"?>
<!-- Generated by org.testng.reporters.JUnitReportReporter -->
<testsuite hostname="LAPTOP-JL8A5HS2" failures="0" tests="2" name="testNG.TC003" time="0.007" errors="0" timestamp="15 Dec 2022 09:07:25 GMT">
  <testcase classname="testNG.TC003" name="addemp" time="0.002"/>
  <testcase classname="testNG.TC003" name="deleteemp" time="0.005"/>
</testsuite> <!-- testNG.TC003 -->
